Using pre-set license
Built from '2020.3/release' branch; Version is '2020.3.27f1 (e759542391ea) revision 15161684'; Using compiler version '192528614'; Build Type 'Release'
OS: 'Windows 10  (10.0.19043) 64bit Professional' Language: 'ru' Physical Memory: 16312 MB
BatchMode: 1, IsHumanControllingUs: 0, StartBugReporterOnCrash: 0, Is64bit: 1, IsPro: 0

COMMAND LINE ARGUMENTS:
I:\Unity\2020.3.27f1\Editor\Unity.exe
-adb2
-batchMode
-noUpm
-name
AssetImportWorker0
-projectPath
G:/Unity/1/Survivle
-logFile
Logs/AssetImportWorker0.log
-srvPort
65466
Successfully changed project path to: G:/Unity/1/Survivle
G:/Unity/1/Survivle
Using Asset Import Pipeline V2.
Refreshing native plugins compatible for Editor in 128.06 ms, found 2 plugins.
Preloading 0 native plugins for Editor in 0.00 ms.
Initialize engine version: 2020.3.27f1 (e759542391ea)
[Subsystems] Discovering subsystems at path I:/Unity/2020.3.27f1/Editor/Data/Resources/UnitySubsystems
[Subsystems] Discovering subsystems at path G:/Unity/1/Survivle/Assets
GfxDevice: creating device client; threaded=0
Direct3D:
    Version:  Direct3D 11.0 [level 11.1]
    Renderer: NVIDIA GeForce GTX 1650 (ID=0x1f82)
    Vendor:   
    VRAM:     3962 MB
    Driver:   30.0.15.1215
Initialize mono
Mono path[0] = 'I:/Unity/2020.3.27f1/Editor/Data/Managed'
Mono path[1] = 'I:/Unity/2020.3.27f1/Editor/Data/MonoBleedingEdge/lib/mono/unityjit'
Mono config path = 'I:/Unity/2020.3.27f1/Editor/Data/MonoBleedingEdge/etc'
Using monoOptions --debugger-agent=transport=dt_socket,embedding=1,server=y,suspend=n,address=127.0.0.1:56216
Begin MonoManager ReloadAssembly
Registering precompiled unity dll's ...
Register platform support module: I:/Unity/2020.3.27f1/Editor/Data/PlaybackEngines/WindowsStandaloneSupport/UnityEditor.WindowsStandalone.Extensions.dll
Registered in 0.002229 seconds.
Native extension for WindowsStandalone target not found
Refreshing native plugins compatible for Editor in 108.38 ms, found 2 plugins.
Preloading 0 native plugins for Editor in 0.00 ms.
Mono: successfully reloaded assembly
- Completed reload, in  1.145 seconds
Domain Reload Profiling:
	ReloadAssembly (1146ms)
		BeginReloadAssembly (130ms)
			ExecutionOrderSort (0ms)
			DisableScriptedObjects (0ms)
			BackupInstance (0ms)
			ReleaseScriptingObjects (0ms)
			CreateAndSetChildDomain (2ms)
		EndReloadAssembly (870ms)
			LoadAssemblies (128ms)
			RebuildTransferFunctionScriptingTraits (0ms)
			SetupTypeCache (251ms)
			ReleaseScriptCaches (0ms)
			RebuildScriptCaches (61ms)
			SetupLoadedEditorAssemblies (342ms)
				LogAssemblyErrors (0ms)
				InitializePlatformSupportModulesInManaged (13ms)
				SetLoadedEditorAssemblies (0ms)
				RefreshPlugins (109ms)
				BeforeProcessingInitializeOnLoad (27ms)
				ProcessInitializeOnLoadAttributes (145ms)
				ProcessInitializeOnLoadMethodAttributes (47ms)
				AfterProcessingInitializeOnLoad (0ms)
				EditorAssembliesLoaded (0ms)
			ExecutionOrderSort2 (0ms)
			AwakeInstancesAfterBackupRestoration (0ms)
Platform modules already initialized, skipping
Registering precompiled user dll's ...
Registered in 0.003843 seconds.
Begin MonoManager ReloadAssembly
OnLevelWasLoaded was found on Player
This message has been deprecated and will be removed in a later version of Unity.
Add a delegate to SceneManager.sceneLoaded instead to get notifications after scene loading has completed
Native extension for WindowsStandalone target not found
Refreshing native plugins compatible for Editor in 70.03 ms, found 2 plugins.
Preloading 0 native plugins for Editor in 0.00 ms.
Mono: successfully reloaded assembly
- Completed reload, in  1.614 seconds
Domain Reload Profiling:
	ReloadAssembly (1615ms)
		BeginReloadAssembly (249ms)
			ExecutionOrderSort (0ms)
			DisableScriptedObjects (18ms)
			BackupInstance (0ms)
			ReleaseScriptingObjects (0ms)
			CreateAndSetChildDomain (30ms)
		EndReloadAssembly (1284ms)
			LoadAssemblies (135ms)
			RebuildTransferFunctionScriptingTraits (0ms)
			SetupTypeCache (399ms)
			ReleaseScriptCaches (1ms)
			RebuildScriptCaches (67ms)
			SetupLoadedEditorAssemblies (529ms)
				LogAssemblyErrors (0ms)
				InitializePlatformSupportModulesInManaged (5ms)
				SetLoadedEditorAssemblies (0ms)
				RefreshPlugins (70ms)
				BeforeProcessingInitializeOnLoad (89ms)
				ProcessInitializeOnLoadAttributes (349ms)
				ProcessInitializeOnLoadMethodAttributes (12ms)
				AfterProcessingInitializeOnLoad (3ms)
				EditorAssembliesLoaded (0ms)
			ExecutionOrderSort2 (0ms)
			AwakeInstancesAfterBackupRestoration (8ms)
Platform modules already initialized, skipping
========================================================================
Worker process is ready to serve import requests
Launched and connected shader compiler UnityShaderCompiler.exe after 0.07 seconds
Refreshing native plugins compatible for Editor in 0.83 ms, found 2 plugins.
Preloading 0 native plugins for Editor in 0.00 ms.
Unloading 2292 Unused Serialized files (Serialized files now loaded: 0)
System memory in use before: 126.6 MB.
System memory in use after: 126.5 MB.

Unloading 22 unused Assets to reduce memory usage. Loaded Objects now: 2750.
Total: 7.025100 ms (FindLiveObjects: 0.687900 ms CreateObjectMapping: 0.462900 ms MarkObjects: 5.378600 ms  DeleteObjects: 0.491700 ms)

AssetImportParameters requested are different than current active one (requested -> active):
  custom:framework-win-MediaFoundation: 216162199b28c13a410421893ffa2e32 -> 
  custom:video-decoder-ogg-theora: a1e56fd34408186e4bbccfd4996cb3dc -> 
  custom:container-muxer-webm: aa71ff27fc2769a1b78a27578f13a17b -> 
  custom:container-demuxer-webm: 4f35f7cbe854078d1ac9338744f61a02 -> 
  custom:container-demuxer-ogg: 62fdf1f143b41e24485cea50d1cbac27 -> 
  custom:video-encoder-webm-vp8: eb34c28f22e8b96e1ab97ce403110664 -> 
  custom:video-decoder-webm-vp8: 9c59270c3fd7afecdb556c50c9e8de78 -> 
  custom:audio-decoder-ogg-vorbis: bf7c407c2cedff20999df2af8eb42d56 -> 
  custom:audio-encoder-webm-vorbis: bf7c407c2cedff20999df2af8eb42d56 -> 
========================================================================
Received Import Request.
  path: Assets/New Terrain.asset
  artifactKey: Guid(ef4014511a6903c46a1f205bce258639) Importer(815301076,1909f56bfc062723c751e8b465ee728b)
Start importing Assets/New Terrain.asset using Guid(ef4014511a6903c46a1f205bce258639) Importer(815301076,1909f56bfc062723c751e8b465ee728b)  -> (artifact id: '48b14ba7bcc833c6f86e15f689412282') in 0.135678 seconds 
  Import took 0.142346 seconds .

========================================================================
Received Import Request.
  Time since last request: 0.000766 seconds.
  path: Assets/New Terrain 2.asset
  artifactKey: Guid(2d0730b7800bfe94eafd562983fd1795) Importer(815301076,1909f56bfc062723c751e8b465ee728b)
Start importing Assets/New Terrain 2.asset using Guid(2d0730b7800bfe94eafd562983fd1795) Importer(815301076,1909f56bfc062723c751e8b465ee728b)  -> (artifact id: '4724eee70b9d741607e3b40b8f7b36eb') in 0.013366 seconds 
  Import took 0.020741 seconds .

========================================================================
Received Import Request.
  Time since last request: 0.000640 seconds.
  path: Assets/New Terrain 1.asset
  artifactKey: Guid(5711ce15b14938a479c3f8b59f58023e) Importer(815301076,1909f56bfc062723c751e8b465ee728b)
Start importing Assets/New Terrain 1.asset using Guid(5711ce15b14938a479c3f8b59f58023e) Importer(815301076,1909f56bfc062723c751e8b465ee728b)  -> (artifact id: '47e94838db8bbe18b3909e2851c5c2fb') in 0.016975 seconds 
  Import took 0.025633 seconds .

========================================================================
Received Import Request.
  Time since last request: 0.000769 seconds.
  path: Assets/RigidBodyFPSController.prefab
  artifactKey: Guid(85960b3a1682a13408dc8dbf6481ebe1) Importer(815301076,1909f56bfc062723c751e8b465ee728b)
Start importing Assets/RigidBodyFPSController.prefab using Guid(85960b3a1682a13408dc8dbf6481ebe1) Importer(815301076,1909f56bfc062723c751e8b465ee728b)  -> (artifact id: 'b9e24696464623ee076e2eabeca866e0') in 0.169997 seconds 
  Import took 0.177675 seconds .

========================================================================
Received Import Request.
  Time since last request: 16.576445 seconds.
  path: Assets/Animations/Zombi.controller
  artifactKey: Guid(d06e7239568d9e54b9f9eba4d0f21952) Importer(815301076,1909f56bfc062723c751e8b465ee728b)
Start importing Assets/Animations/Zombi.controller using Guid(d06e7239568d9e54b9f9eba4d0f21952) Importer(815301076,1909f56bfc062723c751e8b465ee728b)  -> (artifact id: '4194efbaafeece92f175fd11ee8be6b7') in 0.014719 seconds 
  Import took 0.018868 seconds .

========================================================================
Received Import Request.
  Time since last request: 8.857612 seconds.
  path: Assets/Scenes/level3
  artifactKey: Guid(707dd2a006078ef45b1a57c269182ff8) Importer(815301076,1909f56bfc062723c751e8b465ee728b)
Start importing Assets/Scenes/level3 using Guid(707dd2a006078ef45b1a57c269182ff8) Importer(815301076,1909f56bfc062723c751e8b465ee728b)  -> (artifact id: '515efb0f3b74a887131404f6bcaefa60') in 0.002172 seconds 
  Import took 0.005766 seconds .

========================================================================
Received Import Request.
  Time since last request: 1.599205 seconds.
  path: Assets/Scenes/level2.unity
  artifactKey: Guid(9794dcb635ab1f848bfc846765736f1f) Importer(815301076,1909f56bfc062723c751e8b465ee728b)
Start importing Assets/Scenes/level2.unity using Guid(9794dcb635ab1f848bfc846765736f1f) Importer(815301076,1909f56bfc062723c751e8b465ee728b)  -> (artifact id: '6ccc122763fa8b9f1798813b8e3d9188') in 0.003378 seconds 
  Import took 0.009494 seconds .

========================================================================
Received Import Request.
  Time since last request: 0.300722 seconds.
  path: Assets/Scenes/Die.unity
  artifactKey: Guid(3f531b8b0fd3263489ebd933797e8b61) Importer(815301076,1909f56bfc062723c751e8b465ee728b)
Start importing Assets/Scenes/Die.unity using Guid(3f531b8b0fd3263489ebd933797e8b61) Importer(815301076,1909f56bfc062723c751e8b465ee728b)  -> (artifact id: '1115af6829cb19e8ef0e73e327c6254f') in 0.002469 seconds 
  Import took 0.007632 seconds .

========================================================================
Received Import Request.
  Time since last request: 0.418383 seconds.
  path: Assets/Scenes/level1.unity
  artifactKey: Guid(518e0919c918f0e4ba2f6d7a630d76ce) Importer(815301076,1909f56bfc062723c751e8b465ee728b)
Start importing Assets/Scenes/level1.unity using Guid(518e0919c918f0e4ba2f6d7a630d76ce) Importer(815301076,1909f56bfc062723c751e8b465ee728b)  -> (artifact id: 'c755547afd1006e1a3ff48b57bb541f3') in 0.003158 seconds 
  Import took 0.008483 seconds .

========================================================================
Received Import Request.
  Time since last request: 7.841440 seconds.
  path: Assets/Prephabs/bed.prefab
  artifactKey: Guid(0c76b34072125524ba7e7a40407b67bb) Importer(815301076,1909f56bfc062723c751e8b465ee728b)
Start importing Assets/Prephabs/bed.prefab using Guid(0c76b34072125524ba7e7a40407b67bb) Importer(815301076,1909f56bfc062723c751e8b465ee728b)  -> (artifact id: 'de897ba027096dc237b4f5645670ba03') in 0.013955 seconds 
  Import took 0.020113 seconds .

========================================================================
Received Import Request.
  Time since last request: 0.000293 seconds.
  path: Assets/Prephabs/Box with patrons.prefab
  artifactKey: Guid(1acaaed3aa6a84c4994a6fc5c0277517) Importer(815301076,1909f56bfc062723c751e8b465ee728b)
Start importing Assets/Prephabs/Box with patrons.prefab using Guid(1acaaed3aa6a84c4994a6fc5c0277517) Importer(815301076,1909f56bfc062723c751e8b465ee728b)  -> (artifact id: '2963cb286f1faeb2de73354d057399da') in 0.013606 seconds 
  Import took 0.019943 seconds .

========================================================================
Received Import Request.
  Time since last request: 0.000544 seconds.
  path: Assets/Prephabs/Button.prefab
  artifactKey: Guid(c1034483fc22f934aad76a9c3ab188c1) Importer(815301076,1909f56bfc062723c751e8b465ee728b)
Start importing Assets/Prephabs/Button.prefab using Guid(c1034483fc22f934aad76a9c3ab188c1) Importer(815301076,1909f56bfc062723c751e8b465ee728b)  -> (artifact id: '634b0c57e064a4a8df99fdb09b94c879') in 0.030598 seconds 
  Import took 0.037627 seconds .

========================================================================
Received Import Request.
  Time since last request: 0.000397 seconds.
  path: Assets/Prephabs/door.prefab
  artifactKey: Guid(32e3755f0c21aca4e92c9f50a591097b) Importer(815301076,1909f56bfc062723c751e8b465ee728b)
Start importing Assets/Prephabs/door.prefab using Guid(32e3755f0c21aca4e92c9f50a591097b) Importer(815301076,1909f56bfc062723c751e8b465ee728b)  -> (artifact id: 'd5c7bfefaf632db5b9ae27bccece6d35') in 0.015509 seconds 
  Import took 0.021701 seconds .

========================================================================
Received Import Request.
  Time since last request: 0.000602 seconds.
  path: Assets/Prephabs/Player.prefab
  artifactKey: Guid(9a69ca3548ff97c4d97c42ed282fe483) Importer(815301076,1909f56bfc062723c751e8b465ee728b)
Start importing Assets/Prephabs/Player.prefab using Guid(9a69ca3548ff97c4d97c42ed282fe483) Importer(815301076,1909f56bfc062723c751e8b465ee728b)  -> (artifact id: 'fdc15f94181adfabe610a4ad417acb3a') in 0.102890 seconds 
  Import took 0.110442 seconds .

========================================================================
Received Import Request.
  Time since last request: 0.000426 seconds.
  path: Assets/Prephabs/зомби даун 1.prefab
  artifactKey: Guid(d7b1c45cc425a1441a10918238b99206) Importer(815301076,1909f56bfc062723c751e8b465ee728b)
Start importing Assets/Prephabs/зомби даун 1.prefab using Guid(d7b1c45cc425a1441a10918238b99206) Importer(815301076,1909f56bfc062723c751e8b465ee728b)  -> (artifact id: '3e066eea8d3efc1117d24574f3159347') in 0.125203 seconds 
  Import took 0.130787 seconds .

========================================================================
Received Import Request.
  Time since last request: 0.000422 seconds.
  path: Assets/Prephabs/door (2).prefab
  artifactKey: Guid(bfc81280e19995449810ef6fe66fc35e) Importer(815301076,1909f56bfc062723c751e8b465ee728b)
Start importing Assets/Prephabs/door (2).prefab using Guid(bfc81280e19995449810ef6fe66fc35e) Importer(815301076,1909f56bfc062723c751e8b465ee728b)  -> (artifact id: 'e93cf1430fc566e64269bfee517ec43f') in 0.020837 seconds 
  Import took 0.027010 seconds .

========================================================================
Received Import Request.
  Time since last request: 0.000268 seconds.
  path: Assets/Prephabs/heal.prefab
  artifactKey: Guid(782851c8fcb550c4093f70de2903c9c3) Importer(815301076,1909f56bfc062723c751e8b465ee728b)
Start importing Assets/Prephabs/heal.prefab using Guid(782851c8fcb550c4093f70de2903c9c3) Importer(815301076,1909f56bfc062723c751e8b465ee728b)  -> (artifact id: '96da561cb7740c40c1d91ed52053127e') in 0.037145 seconds 
  Import took 0.044233 seconds .

========================================================================
Received Import Request.
  Time since last request: 0.000390 seconds.
  path: Assets/Player/Player.prefab
  artifactKey: Guid(5aaae0d12f0e5704da0ab955fefd10e1) Importer(815301076,1909f56bfc062723c751e8b465ee728b)
Start importing Assets/Player/Player.prefab using Guid(5aaae0d12f0e5704da0ab955fefd10e1) Importer(815301076,1909f56bfc062723c751e8b465ee728b)  -> (artifact id: '5f21ba58494f2a1b150a40058ad5f2f9') in 0.041457 seconds 
  Import took 0.045782 seconds .

========================================================================
Received Import Request.
  Time since last request: 1.120314 seconds.
  path: Assets/Resources/air_icon.png
  artifactKey: Guid(e83587774922ad8499478cce1762525d) Importer(815301076,1909f56bfc062723c751e8b465ee728b)
Start importing Assets/Resources/air_icon.png using Guid(e83587774922ad8499478cce1762525d) Importer(815301076,1909f56bfc062723c751e8b465ee728b)  -> (artifact id: '02d39f9d43a2ab01c63a436a3c2d01fc') in 0.090429 seconds 
  Import took 0.095482 seconds .

========================================================================
Received Import Request.
  Time since last request: 0.000347 seconds.
  path: Assets/Resources/patronage_icon.png
  artifactKey: Guid(f5518e2c177b2894d919518bbe3b179c) Importer(815301076,1909f56bfc062723c751e8b465ee728b)
Start importing Assets/Resources/patronage_icon.png using Guid(f5518e2c177b2894d919518bbe3b179c) Importer(815301076,1909f56bfc062723c751e8b465ee728b)  -> (artifact id: 'a019f0dc97db2e21899d4890d6f53f67') in 0.022934 seconds 
  Import took 0.028157 seconds .

========================================================================
Received Import Request.
  Time since last request: 0.000413 seconds.
  path: Assets/Resources/heal_icon.png
  artifactKey: Guid(d3ddafdae3a8ca8459d6de39b605e88f) Importer(815301076,1909f56bfc062723c751e8b465ee728b)
Start importing Assets/Resources/heal_icon.png using Guid(d3ddafdae3a8ca8459d6de39b605e88f) Importer(815301076,1909f56bfc062723c751e8b465ee728b)  -> (artifact id: '721119fb81d011c1b3fe7c50e40fc8cc') in 0.018384 seconds 
  Import took 0.023290 seconds .

========================================================================
Received Import Request.
  Time since last request: 0.000618 seconds.
  path: Assets/Resources/inventory_icon.png
  artifactKey: Guid(91c998dec1141a645b4b858881f3e7c0) Importer(815301076,1909f56bfc062723c751e8b465ee728b)
Start importing Assets/Resources/inventory_icon.png using Guid(91c998dec1141a645b4b858881f3e7c0) Importer(815301076,1909f56bfc062723c751e8b465ee728b)  -> (artifact id: 'aeded7266abd4916dfa47f6acc8e4dd9') in 0.023477 seconds 
  Import took 0.031854 seconds .

========================================================================
Received Import Request.
  Time since last request: 0.000583 seconds.
  path: Assets/Resources/pistol_icon.png
  artifactKey: Guid(2ea61ddfe58e6cf45813c08d0d66cccf) Importer(815301076,1909f56bfc062723c751e8b465ee728b)
Start importing Assets/Resources/pistol_icon.png using Guid(2ea61ddfe58e6cf45813c08d0d66cccf) Importer(815301076,1909f56bfc062723c751e8b465ee728b)  -> (artifact id: 'dcab221ef9843c6284bd0ef057a2afbe') in 0.021455 seconds 
  Import took 0.026327 seconds .

AssetImportWorkerClient::OnTransportError - code=2 error=End of file
